=== SIMULATION RUNNER STARTED ===
ABAQUS environment detected
=== MAIN EXECUTION ===
Initializing SimulationRunner: PermeationModel
=== RUNNING SIMULATION ===
Parameters: w=100.0nm, s=10000.0nm, o=0.25
=== SETTING UP MODEL ===
Parameters (nm): width=100.0, spacing=10000.0, offset=0.25
Geometry created: 9 faces
Model setup completed
Creating analysis step...
  Mass diffusion step created
  Output requests configured
Applying boundary conditions...
  Found 201 top nodes, 201 bottom nodes
  Inlet BC applied (C=1.0)
  Outlet BC applied (C=0.0)
  Flow direction: TOP -> BOTTOM (vertical)
Submitting job: Job_c100_s10000_o25
  Model saved: Job_c100_s10000_o25.cae
  Job submitted
  Job completed: ODB size = 10.7 MB
  Analysis completed successfully
  Organized 6 files to abaqus_files\jobs\Job_c100_s10000_o25
=== SIMULATION COMPLETED ===
SUCCESS: Job_c100_s10000_o25
=== COMPLETED ===
