Flux PostProcessor Log - 2025-09-24T21:30:31.158533
============================================================
[2025-09-24 21:30:31] [INFO] Initialized FluxPostProcessor
[2025-09-24 21:30:31] [INFO]   Output directory: simulations\sim_20250924_212953\analysis
[2025-09-24 21:30:31] [INFO]   Log file: simulations\sim_20250924_212953\logs\flux_postprocessor_20250924_213031.log
[2025-09-24 21:30:31] [INFO]   D_PET = 1.00e+05 nm²/s
[2025-09-24 21:30:31] [INFO] Command line arguments:
[2025-09-24 21:30:31] [INFO]   csv_file: simulations/sim_20250924_212953/extracted_data/nnc_gradients/Job_c100_s10000_o25_flux.csv
[2025-09-24 21:30:31] [INFO]   batch: None
[2025-09-24 21:30:31] [INFO]   output: simulations/sim_20250924_212953/analysis
[2025-09-24 21:30:31] [INFO]   simulation: None
[2025-09-24 21:30:31] [INFO]   job: None
[2025-09-24 21:30:31] [INFO]   log_dir: simulations/sim_20250924_212953/logs
[2025-09-24 21:30:31] [INFO]   no_plots: False
[2025-09-24 21:30:31] [INFO]   quiet: False
[2025-09-24 21:30:31] [INFO] 
============================================================
[2025-09-24 21:30:31] [INFO] PROCESSING NNC DATA
[2025-09-24 21:30:31] [INFO] ============================================================
[2025-09-24 21:30:31] [INFO] Input file: simulations/sim_20250924_212953/extracted_data/nnc_gradients/Job_c100_s10000_o25_flux.csv
[2025-09-24 21:30:31] [INFO] Parsed parameters: width=100.0 nm, spacing=10000.0 nm, offset=0.25
[2025-09-24 21:30:31] [INFO] Loaded 6 data points
[2025-09-24 21:30:31] [INFO] Time range: 0.0 to 43200.0 seconds
[2025-09-24 21:30:31] [INFO] Gradient range: 0.00e+00 to 1.39e-27 mol/nm^4
[2025-09-24 21:30:31] [INFO] 
============================================================
[2025-09-24 21:30:31] [INFO] CALCULATING MASS FLUX
[2025-09-24 21:30:31] [INFO] ============================================================
[2025-09-24 21:30:31] [INFO] Using Fick's law: J = D_PET × |dC/dy|
[2025-09-24 21:30:31] [INFO] D_PET = 1.00e+05 nm²/s
[2025-09-24 21:30:31] [INFO] Max flux: 2.16e+02 g/(m²·day)
[2025-09-24 21:30:31] [INFO] Final flux: 2.16e+02 g/(m²·day)
[2025-09-24 21:30:31] [INFO] Total cumulative: 1.08e+02 g/m²
[2025-09-24 21:30:31] [INFO] 
============================================================
[2025-09-24 21:30:31] [INFO] CALCULATING PERMEATION METRICS
[2025-09-24 21:30:31] [INFO] ============================================================
[2025-09-24 21:30:31] [INFO] Steady-state flux: 2.16e+02 g/(m²·day)
[2025-09-24 21:30:31] [INFO] Breakthrough time: 0.00 hours
[2025-09-24 21:30:31] [INFO] Time to 90% steady-state: 0.07 hours
[2025-09-24 21:30:31] [INFO]   Saved flux data: Job_c100_s10000_o25_processed_flux.csv
[2025-09-24 21:30:31] [INFO]   Saved metrics: Job_c100_s10000_o25_metrics.json
[2025-09-24 21:30:31] [INFO] Creating plots for Job_c100_s10000_o25...
[2025-09-24 21:30:32] [INFO]   Saved plot: Job_c100_s10000_o25_analysis.png
[2025-09-24 21:30:32] [INFO] 
 Analysis completed for Job_c100_s10000_o25
[2025-09-24 21:30:32] [INFO]   Output files saved to: simulations\sim_20250924_212953\analysis
[2025-09-24 21:30:32] [INFO]   Log file: simulations\sim_20250924_212953\logs\flux_postprocessor_20250924_213031.log
[2025-09-24 21:30:32] [INFO] 
Key metrics:
[2025-09-24 21:30:32] [INFO]   Steady-state flux: 216.48373136145878 g/(m²·day)
[2025-09-24 21:30:32] [INFO]   Breakthrough time: 0.0025 hours
[2025-09-24 21:30:32] [INFO]   Lag time: None hours
[2025-09-24 21:30:32] [INFO]   Log file: simulations\sim_20250924_212953\logs\flux_postprocessor_20250924_213031.log
