Analysis initiated from SIMULIA established products
Abaqus JOB Job_SS_c100_d10000_o0p25
Abaqus 2024
Abaqus License Manager checked out the following licenses:
Abaqus/Standard checked out 5 tokens from Flexnet server license2.rz.rwth-aachen.de.
<1345 out of 1600 licenses remain available>.
Begin Analysis Input File Processor
9/6/2025 5:12:03 PM
Run pre.exe
9/6/2025 5:12:08 PM
End Analysis Input File Processor
Begin Abaqus/Standard Analysis
9/6/2025 5:12:08 PM
Run standard.exe
9/6/2025 5:12:21 PM
End Abaqus/Standard Analysis
Begin SIM Wrap-up
9/6/2025 5:12:22 PM
Run SMASimUtility.exe
9/6/2025 5:12:22 PM
End SIM Wrap-up
Abaqus JOB Job_SS_c100_d10000_o0p25 COMPLETED
