Analysis initiated from SIMULIA established products
Abaqus JOB Job_c100_s10000_o25
Abaqus 2024
Abaqus License Manager checked out the following licenses:
Abaqus/Standard checked out 5 tokens from Flexnet server license2.rz.rwth-aachen.de.
<1389 out of 1600 licenses remain available>.
Begin Analysis Input File Processor
9/6/2025 10:57:22 PM
Run pre.exe
9/6/2025 10:57:25 PM
End Analysis Input File Processor
Begin Abaqus/Standard Analysis
9/6/2025 10:57:25 PM
Run standard.exe
9/6/2025 10:57:34 PM
End Abaqus/Standard Analysis
Begin SIM Wrap-up
9/6/2025 10:57:36 PM
Run SMASimUtility.exe
9/6/2025 10:57:36 PM
End SIM Wrap-up
Abaqus JOB Job_c100_s10000_o25 COMPLETED
