=== GEOMETRY GENERATOR INITIALIZED ===
Layer thicknesses initialized (nm):
  h0_dense_pet: 500.0
  h1_pet: 500.0
  h2_adhesion: 50.0
  h3_barrier1: 50.0
  h4_interlayer: 50.0
  h5_barrier2: 50.0
  h6_topcoat: 50.0
  total_height: 1250.0
Setting parameters (nanometer units):
  crack_width: 100.0 nm
  crack_spacing: 10000.0 nm (10.0 um)
  crack_offset: 0.25
  single_sided: True
  total_height: 1250.0 nm
Creating materials...
  Created material PET: D=1.0e+05 nm²/s, S=2.6e-28 mol/nm³/Pa
  Created material dense_PET: D=4.3e+03 nm²/s, S=6.0e-27 mol/nm³/Pa
  Created material interlayer: D=1.0e+05 nm²/s, S=2.6e-28 mol/nm³/Pa
  Created material barrier: D=1.0e+05 nm²/s, S=2.6e-28 mol/nm³/Pa
  Created material air_crack: D=1.0e+05 nm²/s, S=2.6e-28 mol/nm³/Pa
Creating sections...
  Created section: PET_section
  Created section: dense_PET_section
  Created section: interlayer_section
  Created section: barrier_section
  Created section: air_crack_section
Creating unit cell geometry (nanometer units)...
  Creating part: UnitCell (width=10000.0 nm, height=1250.0 nm)
  Base geometry created successfully
  Creating layer partitions...
    Layer 0 interface at y=500.0 nm
    Layer 1 interface at y=1000.0 nm
    Layer 2 interface at y=1050.0 nm
    Layer 3 interface at y=1100.0 nm
    Layer 4 interface at y=1150.0 nm
    Layer 5 interface at y=1200.0 nm
    Created layer partition at y=500.0 nm
    Created layer partition at y=1000.0 nm
    Created layer partition at y=1050.0 nm
    Created layer partition at y=1100.0 nm
    Created layer partition at y=1150.0 nm
    Created layer partition at y=1200.0 nm
  Creating crack partitions...
    Barrier1: y=1050.0 to 1100.0 nm, offset=0.0 nm
    Creating vertical partitions for Barrier1
      Crack: x1=0.0, x2=100.0 nm (width=100.0 nm)
      Skipped boundary partition at x=0.0 nm
      Created partition at x=100.0 nm
    Barrier2: y=1150.0 to 1200.0 nm, offset=2500.0 nm
    Creating vertical partitions for Barrier2
      Crack: x1=2500.0, x2=2600.0 nm (width=100.0 nm)
      Created partition at x=2500.0 nm
      Created partition at x=2600.0 nm
  Unit cell geometry completed with 10 faces
Creating mesh...
  Element type: DC2D4 (mass diffusion)
  Element size: 50.0 nm
  Mesh created: 5000 elements, 5226 nodes
=== ASSIGNING MATERIALS WITH CRACK DETECTION ===
Layer boundaries (nm):
  dense_pet: y=0.0 to 500.0
  pet: y=500.0 to 1000.0
  adhesion: y=1000.0 to 1050.0
  barrier1: y=1050.0 to 1100.0
  interlayer: y=1100.0 to 1150.0
  barrier2: y=1150.0 to 1200.0
  topcoat: y=1200.0 to 1250.0
Calculating crack positions (nm):
  Barrier1 crack: x=0.0 to 100.0 nm
  Barrier2 crack: x=2500.0 to 2600.0 nm
Assigning materials to 10 faces...
  Face 0 at (6300.0,1175.0): barrier2 -> barrier
  Face 1 at (2550.0,1175.0): barrier2_crack -> air_crack
  Face 2 at (5050.0,1075.0): barrier1 -> barrier
  Face 3 at (1250.0,1175.0): barrier2 -> barrier
  Face 5 at (50.0,1075.0): barrier1_crack -> air_crack
Material assignment summary:
  adhesion: 1 faces
  barrier1: 1 faces
  barrier1_crack: 1 faces
  barrier2: 2 faces
  barrier2_crack: 1 faces
  dense_pet: 1 faces
  interlayer: 1 faces
  pet: 1 faces
  topcoat: 1 faces
=== MATERIAL ASSIGNMENT COMPLETED ===
